################################################################################
#
# This file has been generated by SpyGlass:
#     Report Created by: ICer
#     Report Created on: Sun Oct 13 19:59:54 2024
#     Working Directory: /home/ICer/vcs_class/cnn/new
#     Report Location  : ./spyglass-1/Design_Read/spyglass_reports/SpyGlass/elab_summary.rpt
#     SpyGlass Version : SpyGlass_vL-2016.06
#     Policy Name      : SpyGlass(SpyGlass_vL-2016.06)
#     Comment          : This report contains RTL and Elaborated names along with parameter values
#
################################################################################

================================================================================
Elaborated Name: 'wl_afifo_100_8_2'
    (RTL Design Unit name: 'wl_afifo', N.A.:0)
     Parameters (Total: 3)
         SpyParam0 = 100 (default: N.A.)
         SpyParam1 = 8 (default: N.A.)
         SpyParam2 = 2 (default: N.A.)
     Instances (Total: 1): fifo784.wl_afifo 

================================================================================

Elaborated Name: 'wl_afifo_784_8_2'
    (RTL Design Unit name: 'wl_afifo', N.A.:0)
     Parameters (Total: 3)
         SpyParam0 = 784 (default: N.A.)
         SpyParam1 = 8 (default: N.A.)
         SpyParam2 = 2 (default: N.A.)
     Instances (Total: 1): fifo100.wl_afifo 

================================================================================

Elaborated Name: 'ramWrite'
    (RTL Design Unit name: 'ramWrite', ramWrite.v:3)
     Parameters (Total: 0)
     Instances (Total: 2): convLayer_test.ramWrite, dataReuse_test.ramWrite 

================================================================================

Elaborated Name: 'dataReuse'
    (RTL Design Unit name: 'dataReuse', dataReuse.v:3)
     Parameters (Total: 0)
     Instances (Total: 2): convLayer_test.convLayer.dataReuse, dataReuse_test.dataReuse 

================================================================================

Elaborated Name: 'blk_mem_gen_0'
    (RTL Design Unit name: 'blk_mem_gen_0', N.A.:0)
     Parameters (Total: 0)
     Instances (Total: 2): convLayer_test.convLayer.dataReuse.ram_weight, dataReuse_test.dataReuse.ram_weight 

================================================================================

Elaborated Name: 'blk_mem_gen_1'
    (RTL Design Unit name: 'blk_mem_gen_1', N.A.:0)
     Parameters (Total: 0)
     Instances (Total: 2): convLayer_test.convLayer.dataReuse.ram_image, dataReuse_test.dataReuse.ram_image 

================================================================================

Elaborated Name: 'convLayer'
    (RTL Design Unit name: 'convLayer', convLayer.v:3)
     Parameters (Total: 0)
     Instances (Total: 1): convLayer_test.convLayer 

================================================================================

Elaborated Name: 'convUnit'
    (RTL Design Unit name: 'convUnit', convUnit.v:3)
     Parameters (Total: 0)
     Instances (Total: 1): convLayer_test.convLayer.convUnit 

================================================================================

Elaborated Name: 'computeUnit'
    (RTL Design Unit name: 'computeUnit', computeUnit.v:3)
     Parameters (Total: 0)
     Instances (Total: 16): convLayer_test.convLayer.convUnit.computeUnit_5, convLayer_test.convLayer.convUnit.computeUnit_4, convLayer_test.convLayer.convUnit.computeUnit_3, convLayer_test.convLayer.convUnit.computeUnit_2, convLayer_test.convLayer.convUnit.computeUnit_1  ... more

================================================================================

Elaborated Name: 'computeMult'
    (RTL Design Unit name: 'computeMult', computeMult.v:3)
     Parameters (Total: 0)
     Instances (Total: 16): convLayer_test.convLayer.convUnit.computeUnit_5.computeMult, convLayer_test.convLayer.convUnit.computeUnit_4.computeMult, convLayer_test.convLayer.convUnit.computeUnit_3.computeMult, convLayer_test.convLayer.convUnit.computeUnit_2.computeMult, convLayer_test.convLayer.convUnit.computeUnit_1.computeMult  ... more

================================================================================

Elaborated Name: 'computeAdd'
    (RTL Design Unit name: 'computeAdd', computeAdd.v:3)
     Parameters (Total: 0)
     Instances (Total: 16): convLayer_test.convLayer.convUnit.computeUnit_5.computeAdd, convLayer_test.convLayer.convUnit.computeUnit_4.computeAdd, convLayer_test.convLayer.convUnit.computeUnit_3.computeAdd, convLayer_test.convLayer.convUnit.computeUnit_2.computeAdd, convLayer_test.convLayer.convUnit.computeUnit_1.computeAdd  ... more

================================================================================

Elaborated Name: 'maxValue'
    (RTL Design Unit name: 'maxValue', maxValue.v:3)
     Parameters (Total: 0)
     Instances (Total: 1): convLayer_test.convLayer.maxValue 

================================================================================

Elaborated Name: 'ramResult'
    (RTL Design Unit name: 'ramResult', ramResult.v:3)
     Parameters (Total: 0)
     Instances (Total: 1): convLayer_test.convLayer.ramResult 

================================================================================

Elaborated Name: 'ram784'
    (RTL Design Unit name: 'ram784', N.A.:0)
     Parameters (Total: 0)
     Instances (Total: 6): convLayer_test.convLayer.ramResult.ram784_5, convLayer_test.convLayer.ramResult.ram784_4, convLayer_test.convLayer.ramResult.ram784_3, convLayer_test.convLayer.ramResult.ram784_2, convLayer_test.convLayer.ramResult.ram784_1  ... more

================================================================================

Elaborated Name: 'ram100'
    (RTL Design Unit name: 'ram100', N.A.:0)
     Parameters (Total: 0)
     Instances (Total: 10): convLayer_test.convLayer.ramResult.ram100_11, convLayer_test.convLayer.ramResult.ram100_10, convLayer_test.convLayer.ramResult.ram100_9, convLayer_test.convLayer.ramResult.ram100_8, convLayer_test.convLayer.ramResult.ram100_7  ... more

================================================================================

Elaborated Name: 'quantify'
    (RTL Design Unit name: 'quantify', quantify.v:3)
     Parameters (Total: 0)
     Instances (Total: 1): convLayer_test.convLayer.quantify 

================================================================================

Elaborated Name: 'fifo784'
    (RTL Design Unit name: 'fifo784', fifo784.v:3)
     Parameters (Total: 7)
         H    = 100 (default: 100)
         TA   = 8 (default: 8)
         TB   = 2 (default: 2)
         W    = 32 (default: 32)
         OREG = 0 (default: 0)
         BWA  = 0 (default: 0)
         L    = 7 (default: ((H<=2) ? 1 : ((H<=4) ? 2 : ((H<=8) ? 3 : ((H<=16) ? 4 : ((H<=32) ? 5 : ((H<=64) ? 6 : ((H<=128) ? 7 : ((H<=256) ? 8 : ((H<=512) ? 9 : ((H<=1024) ? 10 : ((H<=2048) ? 11 : ((H<=4096) ? 12 : ((H<=8192) ? 13 : ((H<=16384) ? 14 : ((H<=32768) ? 15 : 16))))))))))))))))
================================================================================

Elaborated Name: 'fifo100'
    (RTL Design Unit name: 'fifo100', fifo100.v:3)
     Parameters (Total: 7)
         H    = 784 (default: 784)
         TA   = 8 (default: 8)
         TB   = 2 (default: 2)
         W    = 32 (default: 32)
         OREG = 0 (default: 0)
         BWA  = 0 (default: 0)
         L    = 10 (default: ((H<=2) ? 1 : ((H<=4) ? 2 : ((H<=8) ? 3 : ((H<=16) ? 4 : ((H<=32) ? 5 : ((H<=64) ? 6 : ((H<=128) ? 7 : ((H<=256) ? 8 : ((H<=512) ? 9 : ((H<=1024) ? 10 : ((H<=2048) ? 11 : ((H<=4096) ? 12 : ((H<=8192) ? 13 : ((H<=16384) ? 14 : ((H<=32768) ? 15 : 16))))))))))))))))
================================================================================

Elaborated Name: 'dataReuse_test'
    (RTL Design Unit name: 'dataReuse_test', dataReuse_test.v:3)
     Parameters (Total: 0)
================================================================================

Elaborated Name: 'convLayer_test'
    (RTL Design Unit name: 'convLayer_test', convLayer_test.v:3)
     Parameters (Total: 0)
================================================================================
