
################################################################################
#
# This file has been generated by SpyGlass:
#     Report Name      : moresimple
#     Report Created by: ICer
#     Report Created on:  Sun Oct 13 19:59:54 2024
#     Working Directory: /home/ICer/vcs_class/cnn/new
#     SpyGlass Version : SpyGlass_vL-2016.06
#     Policy Name      : SpyGlass(SpyGlass_vL-2016.06)
#
#     Total Number of Generated Messages :         11
#     Number of Waived Messages          :          0
#     Number of Reported Messages        :         11
#     Number of Overlimit Messages       :          0
#
#
################################################################################

+++++++++++++++++++++++++++++++++++++++++++++++++++++++++++++++++++++++
MORESIMPLE REPORT:


############### BuiltIn -> RuleGroup=Blackbox Resolution ###############
+++++++++++++++++++++++++++++++++++++++++++++++++++++++++++++++++++++++++++++++++++++++
ID       Rule                Alias               Severity    File           Line    Wt    Message
======================================================================================
[5]      ErrorAnalyzeBBox    ErrorAnalyzeBBox    Error       dataReuse.v    242     10    Design Unit 'blk_mem_gen_0' has no definition; black-box behavior assumed
[6]      ErrorAnalyzeBBox    ErrorAnalyzeBBox    Error       dataReuse.v    252     10    Design Unit 'blk_mem_gen_1' has no definition; black-box behavior assumed
[A]      ErrorAnalyzeBBox    ErrorAnalyzeBBox    Error       fifo100.v      94      10    Design Unit 'wl_afifo' (elaborated name 'wl_afifo_784_8_2') has no definition; black-box behavior assumed
[9]      ErrorAnalyzeBBox    ErrorAnalyzeBBox    Error       fifo784.v      94      10    Design Unit 'wl_afifo' (elaborated name 'wl_afifo_100_8_2') has no definition; black-box behavior assumed
[8]      ErrorAnalyzeBBox    ErrorAnalyzeBBox    Error       ramResult.v    132     10    Design Unit 'ram784' has no definition; black-box behavior assumed
[7]      ErrorAnalyzeBBox    ErrorAnalyzeBBox    Error       ramResult.v    186     10    Design Unit 'ram100' has no definition; black-box behavior assumed
+++++++++++++++++++++++++++++++++++++++++++++++++++++++++++++++++++++++++++++++++++++++


############### BuiltIn -> RuleGroup=Design Read ###############
+++++++++++++++++++++++++++++++++++++++++++++++++++++++++++++++++++++++++++++++++++++++
ID       Rule                    Alias                   Severity    File                                                                   Line    Wt    Message
======================================================================================
[1]      DetectTopDesignUnits    DetectTopDesignUnits    Info        convLayer_test.v                                                       3       2     Module convLayer_test is a top level design unit
[2]      DetectTopDesignUnits    DetectTopDesignUnits    Info        dataReuse_test.v                                                       3       2     Module dataReuse_test is a top level design unit
[3]      DetectTopDesignUnits    DetectTopDesignUnits    Info        fifo100.v                                                              3       2     Module fifo100 is a top level design unit
[4]      DetectTopDesignUnits    DetectTopDesignUnits    Info        fifo784.v                                                              3       2     Module fifo784 is a top level design unit
[0]      ElabSummary             ElabSummary             Info        ./spyglass-1/Design_Read/spyglass_reports/SpyGlass/elab_summary.rpt    0       2     Please refer file './spyglass-1/Design_Read/spyglass_reports/SpyGlass/elab_summary.rpt' for elab summary report
+++++++++++++++++++++++++++++++++++++++++++++++++++++++++++++++++++++++++++++++++++++++
